<?xml version="1.0" encoding="UTF-8"?>
<testsuite xmlns:xsi="http://www.w3.org/2001/XMLSchema-instance" xsi:noNamespaceSchemaLocation="https://maven.apache.org/surefire/maven-surefire-plugin/xsd/surefire-test-report-3.0.xsd" version="3.0" name="scheduling.TiredExecutorTest" time="2.173" tests="3" errors="0" skipped="0" failures="0">
  <properties>
[...]
</properties>
  <testcase name="testFairSchedulingSelection" classname="scheduling.TiredExecutorTest" time="1.871">
    <system-out><![CDATA[--- Starting Fair Scheduling Test (8 Tasks, 4 Threads) ---
Worker Report:
=== Executor Report ===
Worker ID: 0
Fatigue: 1.3351417087369415E8
Time Used: 215965000
Time Idle: 35895300

Worker ID: 1
Fatigue: 3.1728432266861796E8
Time Used: 220895900
Time Idle: 121984300

Worker ID: 2
Fatigue: 2.0478754410514975E8
Time Used: 218953800
Time Idle: 90988700

Worker ID: 3
Fatigue: 1.51422984658112E8
Time Used: 222157500
Time Idle: 55430200

FAIRNESS VALUE: 2.0546343218113604E16
Total tasks in flight: 0

]]></system-out>
  </testcase>
  <testcase name="testShutdownCleansUp" classname="scheduling.TiredExecutorTest" time="0.046">
    <system-out><![CDATA[Executor has shut down cleanly.
]]></system-out>
  </testcase>
  <testcase name="testSubmitAllBlocksUntilFinished" classname="scheduling.TiredExecutorTest" time="0.218">
    <system-out><![CDATA[Executor has shut down cleanly.
]]></system-out>
  </testcase>
</testsuite>